<?xml version="1.0" encoding="UTF-8"?>
<!-- Generated by org.testng.reporters.JUnitReportReporter -->
<testsuite hostname="DESKTOP-U1QGVAS" failures="0" tests="1" name="testng.Assig8" time="15.888" errors="0" timestamp="2023-03-27T19:20:09 EDT" skipped="0">
  <testcase classname="testng.Assig8" name="f" time="15.888"/>
  <system-out/>
</testsuite> <!-- testng.Assig8 -->
