<?xml version="1.0" encoding="UTF-8"?>
<!-- Generated by org.testng.reporters.JUnitReportReporter -->
<testsuite hostname="DESKTOP-U1QGVAS" failures="0" tests="1" name="testng.Assig9" time="28.638" errors="0" timestamp="2023-03-27T19:23:14 EDT" skipped="0">
  <testcase classname="testng.Assig9" name="f" time="28.638"/>
  <system-out/>
</testsuite> <!-- testng.Assig9 -->
