<?xml version="1.0" encoding="UTF-8"?>
<!-- Generated by org.testng.reporters.JUnitReportReporter -->
<testsuite hostname="DESKTOP-U1QGVAS" failures="0" tests="1" name="testng.Testing" time="18.100" errors="0" timestamp="2023-03-27T19:09:43 EDT" skipped="0">
  <testcase classname="testng.Testing" name="f" time="18.100"/>
  <system-out/>
</testsuite> <!-- testng.Testing -->
