<?xml version="1.0" encoding="UTF-8"?>
<!-- Generated by org.testng.reporters.JUnitReportReporter -->
<testsuite hostname="DESKTOP-U1QGVAS" failures="0" tests="3" name="testng.TestNGPractice" time="0.019" errors="0" timestamp="2023-03-27T19:45:14 EDT" skipped="1">
  <testcase classname="testng.TestNGPractice" name="f" time="0.016"/>
  <system-out/>
  <testcase classname="testng.TestNGPractice" name="x" time="0.003"/>
  <system-out/>
  <testcase classname="testng.TestNGPractice" name="b">
    <skipped/>
  </testcase> <!-- b -->
  <system-out/>
</testsuite> <!-- testng.TestNGPractice -->
