<?xml version="1.0" encoding="UTF-8"?>
<!-- Generated by org.testng.reporters.JUnitReportReporter -->
<testsuite hostname="DESKTOP-U1QGVAS" failures="0" tests="1" name="testng.NewTest" time="0.028" errors="0" timestamp="2023-03-25T18:15:19 EDT" skipped="0">
  <testcase classname="testng.NewTest" name="f" time="0.028"/>
  <system-out/>
</testsuite> <!-- testng.NewTest -->
